<?xml version="1.0" encoding="UTF-8"?>
<testsuite xmlns:xsi="http://www.w3.org/2001/XMLSchema-instance" xsi:noNamespaceSchemaLocation="https://maven.apache.org/surefire/maven-surefire-plugin/xsd/surefire-test-report.xsd" name="com.imooc.AppTest" time="0.182" tests="1" errors="0" skipped="0" failures="0">
  <properties>
    <property name="user.variant" value=""/>
    <property name="java.vm.info" value="mixed mode"/>
    <property name="file.encoding.pkg" value="sun.io"/>
    <property name="file.encoding" value="GBK"/>
    <property name="java.specification.name" value="Java Platform API Specification"/>
    <property name="sun.os.patch.level" value="Service Pack 1"/>
    <property name="user.dir" value="E:\testspace\SecKill\miaosha"/>
    <property name="line.separator" value="&#10;"/>
    <property name="java.home" value="C:\Program Files\Java\jdk1.7.0_67\jre"/>
    <property name="user.name" value="qianpyn"/>
    <property name="sun.boot.library.path" value="C:\Program Files\Java\jdk1.7.0_67\jre\bin"/>
    <property name="user.home" value="C:\Users\qianpyn"/>
    <property name="localRepository" value="E:\tools\apache-maven-3.5.0\usrlib"/>
    <property name="sun.java.launcher" value="SUN_STANDARD"/>
    <property name="java.class.version" value="51.0"/>
    <property name="user.language" value="zh"/>
    <property name="java.vendor.url.bug" value="http://bugreport.sun.com/bugreport/"/>
    <property name="sun.jnu.encoding" value="GBK"/>
    <property name="java.io.tmpdir" value="C:\Users\qianpyn\AppData\Local\Temp\"/>
    <property name="java.specification.vendor" value="Oracle Corporation"/>
    <property name="file.separator" value="\"/>
    <property name="java.class.path" value="E:\testspace\SecKill\miaosha\target\test-classes;E:\testspace\SecKill\miaosha\target\classes;E:\tools\apache-maven-3.5.0\usrlib\junit\junit\4.11\junit-4.11.jar;E:\tools\apache-maven-3.5.0\usrlib\org\hamcrest\hamcrest-core\1.3\hamcrest-core-1.3.jar;E:\tools\apache-maven-3.5.0\usrlib\org\springframework\boot\spring-boot-starter-web\2.0.2.RELEASE\spring-boot-starter-web-2.0.2.RELEASE.jar;E:\tools\apache-maven-3.5.0\usrlib\org\springframework\boot\spring-boot-starter\2.0.2.RELEASE\spring-boot-starter-2.0.2.RELEASE.jar;E:\tools\apache-maven-3.5.0\usrlib\org\springframework\boot\spring-boot\2.0.2.RELEASE\spring-boot-2.0.2.RELEASE.jar;E:\tools\apache-maven-3.5.0\usrlib\org\springframework\boot\spring-boot-autoconfigure\2.0.2.RELEASE\spring-boot-autoconfigure-2.0.2.RELEASE.jar;E:\tools\apache-maven-3.5.0\usrlib\org\springframework\boot\spring-boot-starter-logging\2.0.2.RELEASE\spring-boot-starter-logging-2.0.2.RELEASE.jar;E:\tools\apache-maven-3.5.0\usrlib\ch\qos\logback\logback-classic\1.2.3\logback-classic-1.2.3.jar;E:\tools\apache-maven-3.5.0\usrlib\ch\qos\logback\logback-core\1.2.3\logback-core-1.2.3.jar;E:\tools\apache-maven-3.5.0\usrlib\org\apache\logging\log4j\log4j-to-slf4j\2.10.0\log4j-to-slf4j-2.10.0.jar;E:\tools\apache-maven-3.5.0\usrlib\org\apache\logging\log4j\log4j-api\2.10.0\log4j-api-2.10.0.jar;E:\tools\apache-maven-3.5.0\usrlib\org\slf4j\jul-to-slf4j\1.7.25\jul-to-slf4j-1.7.25.jar;E:\tools\apache-maven-3.5.0\usrlib\javax\annotation\javax.annotation-api\1.3.2\javax.annotation-api-1.3.2.jar;E:\tools\apache-maven-3.5.0\usrlib\org\springframework\spring-core\5.0.6.RELEASE\spring-core-5.0.6.RELEASE.jar;E:\tools\apache-maven-3.5.0\usrlib\org\springframework\spring-jcl\5.0.6.RELEASE\spring-jcl-5.0.6.RELEASE.jar;E:\tools\apache-maven-3.5.0\usrlib\org\yaml\snakeyaml\1.19\snakeyaml-1.19.jar;E:\tools\apache-maven-3.5.0\usrlib\org\springframework\boot\spring-boot-starter-json\2.0.2.RELEASE\spring-boot-starter-json-2.0.2.RELEASE.jar;E:\tools\apache-maven-3.5.0\usrlib\com\fasterxml\jackson\core\jackson-databind\2.9.5\jackson-databind-2.9.5.jar;E:\tools\apache-maven-3.5.0\usrlib\com\fasterxml\jackson\core\jackson-annotations\2.9.0\jackson-annotations-2.9.0.jar;E:\tools\apache-maven-3.5.0\usrlib\com\fasterxml\jackson\core\jackson-core\2.9.5\jackson-core-2.9.5.jar;E:\tools\apache-maven-3.5.0\usrlib\com\fasterxml\jackson\datatype\jackson-datatype-jdk8\2.9.5\jackson-datatype-jdk8-2.9.5.jar;E:\tools\apache-maven-3.5.0\usrlib\com\fasterxml\jackson\datatype\jackson-datatype-jsr310\2.9.5\jackson-datatype-jsr310-2.9.5.jar;E:\tools\apache-maven-3.5.0\usrlib\com\fasterxml\jackson\module\jackson-module-parameter-names\2.9.5\jackson-module-parameter-names-2.9.5.jar;E:\tools\apache-maven-3.5.0\usrlib\org\springframework\boot\spring-boot-starter-tomcat\2.0.2.RELEASE\spring-boot-starter-tomcat-2.0.2.RELEASE.jar;E:\tools\apache-maven-3.5.0\usrlib\org\apache\tomcat\embed\tomcat-embed-core\8.5.31\tomcat-embed-core-8.5.31.jar;E:\tools\apache-maven-3.5.0\usrlib\org\apache\tomcat\embed\tomcat-embed-websocket\8.5.31\tomcat-embed-websocket-8.5.31.jar;E:\tools\apache-maven-3.5.0\usrlib\org\hibernate\validator\hibernate-validator\6.0.9.Final\hibernate-validator-6.0.9.Final.jar;E:\tools\apache-maven-3.5.0\usrlib\javax\validation\validation-api\2.0.1.Final\validation-api-2.0.1.Final.jar;E:\tools\apache-maven-3.5.0\usrlib\org\jboss\logging\jboss-logging\3.3.2.Final\jboss-logging-3.3.2.Final.jar;E:\tools\apache-maven-3.5.0\usrlib\com\fasterxml\classmate\1.3.4\classmate-1.3.4.jar;E:\tools\apache-maven-3.5.0\usrlib\org\springframework\spring-web\5.0.6.RELEASE\spring-web-5.0.6.RELEASE.jar;E:\tools\apache-maven-3.5.0\usrlib\org\springframework\spring-beans\5.0.6.RELEASE\spring-beans-5.0.6.RELEASE.jar;E:\tools\apache-maven-3.5.0\usrlib\org\springframework\spring-webmvc\5.0.6.RELEASE\spring-webmvc-5.0.6.RELEASE.jar;E:\tools\apache-maven-3.5.0\usrlib\org\springframework\spring-aop\5.0.6.RELEASE\spring-aop-5.0.6.RELEASE.jar;E:\tools\apache-maven-3.5.0\usrlib\org\springframework\spring-context\5.0.6.RELEASE\spring-context-5.0.6.RELEASE.jar;E:\tools\apache-maven-3.5.0\usrlib\org\springframework\spring-expression\5.0.6.RELEASE\spring-expression-5.0.6.RELEASE.jar;E:\tools\apache-maven-3.5.0\usrlib\org\springframework\boot\spring-boot-starter-thymeleaf\2.0.2.RELEASE\spring-boot-starter-thymeleaf-2.0.2.RELEASE.jar;E:\tools\apache-maven-3.5.0\usrlib\org\thymeleaf\thymeleaf-spring5\3.0.9.RELEASE\thymeleaf-spring5-3.0.9.RELEASE.jar;E:\tools\apache-maven-3.5.0\usrlib\org\thymeleaf\thymeleaf\3.0.9.RELEASE\thymeleaf-3.0.9.RELEASE.jar;E:\tools\apache-maven-3.5.0\usrlib\org\attoparser\attoparser\2.0.4.RELEASE\attoparser-2.0.4.RELEASE.jar;E:\tools\apache-maven-3.5.0\usrlib\org\unbescape\unbescape\1.1.5.RELEASE\unbescape-1.1.5.RELEASE.jar;E:\tools\apache-maven-3.5.0\usrlib\org\slf4j\slf4j-api\1.7.25\slf4j-api-1.7.25.jar;E:\tools\apache-maven-3.5.0\usrlib\org\thymeleaf\extras\thymeleaf-extras-java8time\3.0.1.RELEASE\thymeleaf-extras-java8time-3.0.1.RELEASE.jar;E:\tools\apache-maven-3.5.0\usrlib\org\mybatis\spring\boot\mybatis-spring-boot-starter\1.3.2\mybatis-spring-boot-starter-1.3.2.jar;E:\tools\apache-maven-3.5.0\usrlib\org\springframework\boot\spring-boot-starter-jdbc\2.0.2.RELEASE\spring-boot-starter-jdbc-2.0.2.RELEASE.jar;E:\tools\apache-maven-3.5.0\usrlib\com\zaxxer\HikariCP\2.7.9\HikariCP-2.7.9.jar;E:\tools\apache-maven-3.5.0\usrlib\org\springframework\spring-jdbc\5.0.6.RELEASE\spring-jdbc-5.0.6.RELEASE.jar;E:\tools\apache-maven-3.5.0\usrlib\org\springframework\spring-tx\5.0.6.RELEASE\spring-tx-5.0.6.RELEASE.jar;E:\tools\apache-maven-3.5.0\usrlib\org\mybatis\spring\boot\mybatis-spring-boot-autoconfigure\1.3.2\mybatis-spring-boot-autoconfigure-1.3.2.jar;E:\tools\apache-maven-3.5.0\usrlib\org\mybatis\mybatis\3.4.6\mybatis-3.4.6.jar;E:\tools\apache-maven-3.5.0\usrlib\org\mybatis\mybatis-spring\1.3.2\mybatis-spring-1.3.2.jar;E:\tools\apache-maven-3.5.0\usrlib\mysql\mysql-connector-java\5.1.46\mysql-connector-java-5.1.46.jar;E:\tools\apache-maven-3.5.0\usrlib\com\alibaba\druid\1.0.5\druid-1.0.5.jar;E:\tools\apache-maven-3.5.0\usrlib\redis\clients\jedis\2.9.0\jedis-2.9.0.jar;E:\tools\apache-maven-3.5.0\usrlib\org\apache\commons\commons-pool2\2.5.0\commons-pool2-2.5.0.jar;E:\tools\apache-maven-3.5.0\usrlib\com\alibaba\fastjson\1.2.38\fastjson-1.2.38.jar;E:\tools\apache-maven-3.5.0\usrlib\commons-codec\commons-codec\1.11\commons-codec-1.11.jar;E:\tools\apache-maven-3.5.0\usrlib\org\apache\commons\commons-lang3\3.6\commons-lang3-3.6.jar;E:\tools\apache-maven-3.5.0\usrlib\org\springframework\boot\spring-boot-starter-validation\2.0.2.RELEASE\spring-boot-starter-validation-2.0.2.RELEASE.jar;E:\tools\apache-maven-3.5.0\usrlib\org\apache\tomcat\embed\tomcat-embed-el\8.5.31\tomcat-embed-el-8.5.31.jar;"/>
    <property name="java.vm.vendor" value="Oracle Corporation"/>
    <property name="sun.cpu.endian" value="little"/>
    <property name="java.vm.specification.vendor" value="Oracle Corporation"/>
    <property name="java.specification.version" value="1.7"/>
    <property name="user.script" value=""/>
    <property name="awt.toolkit" value="sun.awt.windows.WToolkit"/>
    <property name="sun.java.command" value="C:\Users\qianpyn\AppData\Local\Temp\surefire352278861517654247\surefirebooter3819397261783162208.jar C:\Users\qianpyn\AppData\Local\Temp\surefire352278861517654247 2018-07-17T17-17-26_032-jvmRun1 surefire2435620128499711952tmp surefire_03848667033367657098tmp"/>
    <property name="user.timezone" value=""/>
    <property name="surefire.test.class.path" value="E:\testspace\SecKill\miaosha\target\test-classes;E:\testspace\SecKill\miaosha\target\classes;E:\tools\apache-maven-3.5.0\usrlib\junit\junit\4.11\junit-4.11.jar;E:\tools\apache-maven-3.5.0\usrlib\org\hamcrest\hamcrest-core\1.3\hamcrest-core-1.3.jar;E:\tools\apache-maven-3.5.0\usrlib\org\springframework\boot\spring-boot-starter-web\2.0.2.RELEASE\spring-boot-starter-web-2.0.2.RELEASE.jar;E:\tools\apache-maven-3.5.0\usrlib\org\springframework\boot\spring-boot-starter\2.0.2.RELEASE\spring-boot-starter-2.0.2.RELEASE.jar;E:\tools\apache-maven-3.5.0\usrlib\org\springframework\boot\spring-boot\2.0.2.RELEASE\spring-boot-2.0.2.RELEASE.jar;E:\tools\apache-maven-3.5.0\usrlib\org\springframework\boot\spring-boot-autoconfigure\2.0.2.RELEASE\spring-boot-autoconfigure-2.0.2.RELEASE.jar;E:\tools\apache-maven-3.5.0\usrlib\org\springframework\boot\spring-boot-starter-logging\2.0.2.RELEASE\spring-boot-starter-logging-2.0.2.RELEASE.jar;E:\tools\apache-maven-3.5.0\usrlib\ch\qos\logback\logback-classic\1.2.3\logback-classic-1.2.3.jar;E:\tools\apache-maven-3.5.0\usrlib\ch\qos\logback\logback-core\1.2.3\logback-core-1.2.3.jar;E:\tools\apache-maven-3.5.0\usrlib\org\apache\logging\log4j\log4j-to-slf4j\2.10.0\log4j-to-slf4j-2.10.0.jar;E:\tools\apache-maven-3.5.0\usrlib\org\apache\logging\log4j\log4j-api\2.10.0\log4j-api-2.10.0.jar;E:\tools\apache-maven-3.5.0\usrlib\org\slf4j\jul-to-slf4j\1.7.25\jul-to-slf4j-1.7.25.jar;E:\tools\apache-maven-3.5.0\usrlib\javax\annotation\javax.annotation-api\1.3.2\javax.annotation-api-1.3.2.jar;E:\tools\apache-maven-3.5.0\usrlib\org\springframework\spring-core\5.0.6.RELEASE\spring-core-5.0.6.RELEASE.jar;E:\tools\apache-maven-3.5.0\usrlib\org\springframework\spring-jcl\5.0.6.RELEASE\spring-jcl-5.0.6.RELEASE.jar;E:\tools\apache-maven-3.5.0\usrlib\org\yaml\snakeyaml\1.19\snakeyaml-1.19.jar;E:\tools\apache-maven-3.5.0\usrlib\org\springframework\boot\spring-boot-starter-json\2.0.2.RELEASE\spring-boot-starter-json-2.0.2.RELEASE.jar;E:\tools\apache-maven-3.5.0\usrlib\com\fasterxml\jackson\core\jackson-databind\2.9.5\jackson-databind-2.9.5.jar;E:\tools\apache-maven-3.5.0\usrlib\com\fasterxml\jackson\core\jackson-annotations\2.9.0\jackson-annotations-2.9.0.jar;E:\tools\apache-maven-3.5.0\usrlib\com\fasterxml\jackson\core\jackson-core\2.9.5\jackson-core-2.9.5.jar;E:\tools\apache-maven-3.5.0\usrlib\com\fasterxml\jackson\datatype\jackson-datatype-jdk8\2.9.5\jackson-datatype-jdk8-2.9.5.jar;E:\tools\apache-maven-3.5.0\usrlib\com\fasterxml\jackson\datatype\jackson-datatype-jsr310\2.9.5\jackson-datatype-jsr310-2.9.5.jar;E:\tools\apache-maven-3.5.0\usrlib\com\fasterxml\jackson\module\jackson-module-parameter-names\2.9.5\jackson-module-parameter-names-2.9.5.jar;E:\tools\apache-maven-3.5.0\usrlib\org\springframework\boot\spring-boot-starter-tomcat\2.0.2.RELEASE\spring-boot-starter-tomcat-2.0.2.RELEASE.jar;E:\tools\apache-maven-3.5.0\usrlib\org\apache\tomcat\embed\tomcat-embed-core\8.5.31\tomcat-embed-core-8.5.31.jar;E:\tools\apache-maven-3.5.0\usrlib\org\apache\tomcat\embed\tomcat-embed-websocket\8.5.31\tomcat-embed-websocket-8.5.31.jar;E:\tools\apache-maven-3.5.0\usrlib\org\hibernate\validator\hibernate-validator\6.0.9.Final\hibernate-validator-6.0.9.Final.jar;E:\tools\apache-maven-3.5.0\usrlib\javax\validation\validation-api\2.0.1.Final\validation-api-2.0.1.Final.jar;E:\tools\apache-maven-3.5.0\usrlib\org\jboss\logging\jboss-logging\3.3.2.Final\jboss-logging-3.3.2.Final.jar;E:\tools\apache-maven-3.5.0\usrlib\com\fasterxml\classmate\1.3.4\classmate-1.3.4.jar;E:\tools\apache-maven-3.5.0\usrlib\org\springframework\spring-web\5.0.6.RELEASE\spring-web-5.0.6.RELEASE.jar;E:\tools\apache-maven-3.5.0\usrlib\org\springframework\spring-beans\5.0.6.RELEASE\spring-beans-5.0.6.RELEASE.jar;E:\tools\apache-maven-3.5.0\usrlib\org\springframework\spring-webmvc\5.0.6.RELEASE\spring-webmvc-5.0.6.RELEASE.jar;E:\tools\apache-maven-3.5.0\usrlib\org\springframework\spring-aop\5.0.6.RELEASE\spring-aop-5.0.6.RELEASE.jar;E:\tools\apache-maven-3.5.0\usrlib\org\springframework\spring-context\5.0.6.RELEASE\spring-context-5.0.6.RELEASE.jar;E:\tools\apache-maven-3.5.0\usrlib\org\springframework\spring-expression\5.0.6.RELEASE\spring-expression-5.0.6.RELEASE.jar;E:\tools\apache-maven-3.5.0\usrlib\org\springframework\boot\spring-boot-starter-thymeleaf\2.0.2.RELEASE\spring-boot-starter-thymeleaf-2.0.2.RELEASE.jar;E:\tools\apache-maven-3.5.0\usrlib\org\thymeleaf\thymeleaf-spring5\3.0.9.RELEASE\thymeleaf-spring5-3.0.9.RELEASE.jar;E:\tools\apache-maven-3.5.0\usrlib\org\thymeleaf\thymeleaf\3.0.9.RELEASE\thymeleaf-3.0.9.RELEASE.jar;E:\tools\apache-maven-3.5.0\usrlib\org\attoparser\attoparser\2.0.4.RELEASE\attoparser-2.0.4.RELEASE.jar;E:\tools\apache-maven-3.5.0\usrlib\org\unbescape\unbescape\1.1.5.RELEASE\unbescape-1.1.5.RELEASE.jar;E:\tools\apache-maven-3.5.0\usrlib\org\slf4j\slf4j-api\1.7.25\slf4j-api-1.7.25.jar;E:\tools\apache-maven-3.5.0\usrlib\org\thymeleaf\extras\thymeleaf-extras-java8time\3.0.1.RELEASE\thymeleaf-extras-java8time-3.0.1.RELEASE.jar;E:\tools\apache-maven-3.5.0\usrlib\org\mybatis\spring\boot\mybatis-spring-boot-starter\1.3.2\mybatis-spring-boot-starter-1.3.2.jar;E:\tools\apache-maven-3.5.0\usrlib\org\springframework\boot\spring-boot-starter-jdbc\2.0.2.RELEASE\spring-boot-starter-jdbc-2.0.2.RELEASE.jar;E:\tools\apache-maven-3.5.0\usrlib\com\zaxxer\HikariCP\2.7.9\HikariCP-2.7.9.jar;E:\tools\apache-maven-3.5.0\usrlib\org\springframework\spring-jdbc\5.0.6.RELEASE\spring-jdbc-5.0.6.RELEASE.jar;E:\tools\apache-maven-3.5.0\usrlib\org\springframework\spring-tx\5.0.6.RELEASE\spring-tx-5.0.6.RELEASE.jar;E:\tools\apache-maven-3.5.0\usrlib\org\mybatis\spring\boot\mybatis-spring-boot-autoconfigure\1.3.2\mybatis-spring-boot-autoconfigure-1.3.2.jar;E:\tools\apache-maven-3.5.0\usrlib\org\mybatis\mybatis\3.4.6\mybatis-3.4.6.jar;E:\tools\apache-maven-3.5.0\usrlib\org\mybatis\mybatis-spring\1.3.2\mybatis-spring-1.3.2.jar;E:\tools\apache-maven-3.5.0\usrlib\mysql\mysql-connector-java\5.1.46\mysql-connector-java-5.1.46.jar;E:\tools\apache-maven-3.5.0\usrlib\com\alibaba\druid\1.0.5\druid-1.0.5.jar;E:\tools\apache-maven-3.5.0\usrlib\redis\clients\jedis\2.9.0\jedis-2.9.0.jar;E:\tools\apache-maven-3.5.0\usrlib\org\apache\commons\commons-pool2\2.5.0\commons-pool2-2.5.0.jar;E:\tools\apache-maven-3.5.0\usrlib\com\alibaba\fastjson\1.2.38\fastjson-1.2.38.jar;E:\tools\apache-maven-3.5.0\usrlib\commons-codec\commons-codec\1.11\commons-codec-1.11.jar;E:\tools\apache-maven-3.5.0\usrlib\org\apache\commons\commons-lang3\3.6\commons-lang3-3.6.jar;E:\tools\apache-maven-3.5.0\usrlib\org\springframework\boot\spring-boot-starter-validation\2.0.2.RELEASE\spring-boot-starter-validation-2.0.2.RELEASE.jar;E:\tools\apache-maven-3.5.0\usrlib\org\apache\tomcat\embed\tomcat-embed-el\8.5.31\tomcat-embed-el-8.5.31.jar;"/>
    <property name="java.runtime.version" value="1.7.0_67-b01"/>
    <property name="java.vendor" value="Oracle Corporation"/>
    <property name="sun.management.compiler" value="HotSpot 64-Bit Tiered Compilers"/>
    <property name="sun.arch.data.model" value="64"/>
    <property name="os.arch" value="amd64"/>
    <property name="sun.io.unicode.encoding" value="UnicodeLittle"/>
    <property name="java.awt.printerjob" value="sun.awt.windows.WPrinterJob"/>
    <property name="path.separator" value=";"/>
    <property name="java.runtime.name" value="Java(TM) SE Runtime Environment"/>
    <property name="java.vendor.url" value="http://java.oracle.com/"/>
    <property name="sun.boot.class.path" value="C:\Program Files\Java\jdk1.7.0_67\jre\lib\resources.jar;C:\Program Files\Java\jdk1.7.0_67\jre\lib\rt.jar;C:\Program Files\Java\jdk1.7.0_67\jre\lib\sunrsasign.jar;C:\Program Files\Java\jdk1.7.0_67\jre\lib\jsse.jar;C:\Program Files\Java\jdk1.7.0_67\jre\lib\jce.jar;C:\Program Files\Java\jdk1.7.0_67\jre\lib\charsets.jar;C:\Program Files\Java\jdk1.7.0_67\jre\lib\jfr.jar;C:\Program Files\Java\jdk1.7.0_67\jre\classes"/>
    <property name="surefire.real.class.path" value="C:\Users\qianpyn\AppData\Local\Temp\surefire352278861517654247\surefirebooter3819397261783162208.jar"/>
    <property name="java.endorsed.dirs" value="C:\Program Files\Java\jdk1.7.0_67\jre\lib\endorsed"/>
    <property name="sun.desktop" value="windows"/>
    <property name="java.vm.version" value="24.65-b04"/>
    <property name="os.name" value="Windows 7"/>
    <property name="java.vm.specification.version" value="1.7"/>
    <property name="sun.cpu.isalist" value="amd64"/>
    <property name="java.version" value="1.7.0_67"/>
    <property name="java.vm.specification.name" value="Java Virtual Machine Specification"/>
    <property name="java.ext.dirs" value="C:\Program Files\Java\jdk1.7.0_67\jre\lib\ext;C:\Windows\Sun\Java\lib\ext"/>
    <property name="os.version" value="6.1"/>
    <property name="basedir" value="E:\testspace\SecKill\miaosha"/>
    <property name="java.library.path" value="C:\Program Files\Java\jdk1.7.0_67\jre\bin;C:\Windows\Sun\Java\bin;C:\Windows\system32;C:\Windows;D:\Software\develop-software\cmder\bin;D:\Software\develop-software\cmder\vendor\git-for-windows\cmd;D:\Software\develop-software\cmder\vendor\conemu-maximus5\ConEmu\Scripts;D:\Software\develop-software\cmder\vendor\conemu-maximus5;D:\Software\develop-software\cmder\vendor\conemu-maximus5\ConEmu;C:\ProgramData\Oracle\Java\javapath;C:\Windows\system32;C:\Windows;C:\Windows\System32\Wbem;C:\Windows\System32\WindowsPowerShell\v1.0\;C:\Program Files\Java\jdk1.7.0_67\bin;C:\Program Files\Java\jdk1.7.0_67\jre\bin;E:\oracle\Instant Client;E:\oracle\Instant Client\network\admin;SIMPLIFIED CHINESE_CHINA.ZHS16GBK;C:\Program Files\TortoiseGit\bin;E:\tools\apache-maven-3.5.0\bin;E:\apache-tomcat-7.0.77\lib;E:\apache-tomcat-7.0.77\bin;D:\MySQL\bin;C:\Program Files\Java\jdk1.8.0_131\bin;C:\Program Files\Java\jdk1.8.0_131\jre\bin;D:\Software\develop-software\NodeJs\;D:\Software\develop-software\putty\;D:\Software\develop-software\MySql\bin;D:\Software\develop-software\cmder;D:\Python\Scripts\;D:\Python\;D:\Software\develop-software\Python\Scripts\;D:\Software\develop-software\Python\;C:\Users\qianpyn\AppData\Local\Programs\Fiddler;D:\babun\.babun;C:\Users\qianpyn\.babun;C:\Users\qianpyn\AppData\Roaming\npm;D:\Software\office-software\zip\;D:\Software\develop-software\cmder\vendor\git-for-windows\usr\bin;D:\Software\develop-software\cmder\vendor\git-for-windows\usr\share\vim\vim74;D:\Software\develop-software\cmder\;."/>
    <property name="java.awt.graphicsenv" value="sun.awt.Win32GraphicsEnvironment"/>
    <property name="java.vm.name" value="Java HotSpot(TM) 64-Bit Server VM"/>
    <property name="user.country" value="CN"/>
  </properties>
  <testcase name="shouldAnswerWithTrue" classname="com.imooc.AppTest" time="0.008"/>
</testsuite>